[0.006s] Invoking command in '/home/ubuntu22/ros2_so_arm100/build/so_arm100': CMAKE_PREFIX_PATH=/opt/ros/humble CONDA_PROMPT_MODIFIER=(base) /home/ubuntu22/.local/bin/cmake --build /home/ubuntu22/ros2_so_arm100/build/so_arm100 -- -j16 -l16
[0.078s] [ 33%] Building CXX object CMakeFiles/so_arm100.dir/src/feetech_hardware_interface.cpp.o
[0.078s] [ 66%] Building CXX object CMakeFiles/so_arm100.dir/src/feetech.cpp.o
[0.283s] /home/ubuntu22/ros2_so_arm100/so_arm100/src/feetech.cpp: In member function ‘std::vector<unsigned char> FeetechMotorsBus::Impl::sendCommand(const std::vector<unsigned char>&)’:
[0.283s] /home/ubuntu22/ros2_so_arm100/so_arm100/src/feetech.cpp:78:18: error: no matching function for call to ‘FeetechMotorsBus::Impl::write(int&, const unsigned char*, std::vector<unsigned char>::size_type)’
[0.283s]    78 |         if (write(fd_, cmd.data(), cmd.size()) != static_cast<ssize_t>(cmd.size())) {
[0.283s]       |             ~~~~~^~~~~~~~~~~~~~~~~~~~~~~~~~~~~
[0.283s] /home/ubuntu22/ros2_so_arm100/so_arm100/src/feetech.cpp:146:10: note: candidate: ‘void FeetechMotorsBus::Impl::write(const string&, const std::vector<int>&)’
[0.283s]   146 |     void write(const std::string& param_name, const std::vector<int>& values) {
[0.283s]       |          ^~~~~
[0.289s] /home/ubuntu22/ros2_so_arm100/so_arm100/src/feetech.cpp:146:10: note:   candidate expects 2 arguments, 3 provided
[0.289s] /home/ubuntu22/ros2_so_arm100/so_arm100/src/feetech.cpp:157:10: note: candidate: ‘void FeetechMotorsBus::Impl::write(const string&, int, const string&)’
[0.289s]   157 |     void write(const std::string& param_name, int value, const std::string& motor_name) {
[0.289s]       |          ^~~~~
[0.289s] /home/ubuntu22/ros2_so_arm100/so_arm100/src/feetech.cpp:157:35: note:   no known conversion for argument 1 from ‘int’ to ‘const string&’ {aka ‘const std::__cxx11::basic_string<char>&’}
[0.289s]   157 |     void write(const std::string& param_name, int value, const std::string& motor_name) {
[0.289s]       |                ~~~~~~~~~~~~~~~~~~~^~~~~~~~~~
[0.290s] /home/ubuntu22/ros2_so_arm100/so_arm100/src/feetech.cpp:87:25: error: no matching function for call to ‘FeetechMotorsBus::Impl::read(int&, unsigned char*, std::vector<unsigned char>::size_type)’
[0.290s]    87 |         ssize_t n = read(fd_, response.data(), response.size());
[0.290s]       |                     ~~~~^~~~~~~~~~~~~~~~~~~~~~~~~~~~~~~~~~~~~~~
[0.290s] /home/ubuntu22/ros2_so_arm100/so_arm100/src/feetech.cpp:95:22: note: candidate: ‘std::vector<int> FeetechMotorsBus::Impl::read(const string&)’
[0.290s]    95 |     std::vector<int> read(const std::string& param_name) {
[0.290s]       |                      ^~~~
[0.290s] /home/ubuntu22/ros2_so_arm100/so_arm100/src/feetech.cpp:95:22: note:   candidate expects 1 argument, 3 provided
[0.290s] /home/ubuntu22/ros2_so_arm100/so_arm100/src/feetech.cpp:103:9: note: candidate: ‘int FeetechMotorsBus::Impl::read(const string&, const string&)’
[0.290s]   103 |     int read(const std::string& param_name, const std::string& motor_name) {
[0.290s]       |         ^~~~
[0.290s] /home/ubuntu22/ros2_so_arm100/so_arm100/src/feetech.cpp:103:9: note:   candidate expects 2 arguments, 3 provided
[0.334s] gmake[2]: *** [CMakeFiles/so_arm100.dir/build.make:93：CMakeFiles/so_arm100.dir/src/feetech.cpp.o] 错误 1
[0.334s] gmake[2]: *** 正在等待未完成的任务....
[2.203s] gmake[1]: *** [CMakeFiles/Makefile2:151：CMakeFiles/so_arm100.dir/all] 错误 2
[2.203s] gmake: *** [Makefile:146：all] 错误 2
[2.204s] Invoked command in '/home/ubuntu22/ros2_so_arm100/build/so_arm100' returned '2': CMAKE_PREFIX_PATH=/opt/ros/humble CONDA_PROMPT_MODIFIER=(base) /home/ubuntu22/.local/bin/cmake --build /home/ubuntu22/ros2_so_arm100/build/so_arm100 -- -j16 -l16
